<?xml version="1.0" encoding="UTF-8" ?>
<testsuite tests="3" failures="2" name="ArrayTest" time="0.006" errors="0" skipped="0">
  <properties>
[...]
</properties>
  <testcase classname="ArrayTest" name="ArrayTest.testSize" time="0.005">
    <failure message="Uncompilable code - constructor Array in class java.lang.reflect.Array cannot be applied to given types;
  required: no arguments
  found:    int[]
  reason: actual and formal argument lists differ in length" type="java.lang.RuntimeException">java.lang.RuntimeException: Uncompilable code - constructor Array in class java.lang.reflect.Array cannot be applied to given types;
  required: no arguments
  found:    int[]
  reason: actual and formal argument lists differ in length
	at ArrayTest.testSize(ArrayTest.java:1)
</failure>
  </testcase>
  <testcase classname="ArrayTest" name="ArrayTest.testToString" time="0.001">
    <failure message="Uncompilable code - constructor Array in class java.lang.reflect.Array cannot be applied to given types;
  required: no arguments
  found:    int[]
  reason: actual and formal argument lists differ in length" type="java.lang.RuntimeException">java.lang.RuntimeException: Uncompilable code - constructor Array in class java.lang.reflect.Array cannot be applied to given types;
  required: no arguments
  found:    int[]
  reason: actual and formal argument lists differ in length
	at ArrayTest.testToString(ArrayTest.java:1)
</failure>
  </testcase>
  <testcase classname="ArrayTest" name="ArrayTest.testSetElementAr" time="0"/>
</testsuite>